<?xml version="1.0" encoding="UTF-8"?>
<testsuite name="Agile.Software.Testing.LeanTesting.MainClass_ESTest" time="0.026" tests="4" errors="0" skipped="0" failures="0">
  <properties>
[...]
</properties>
  <testcase name="test0" classname="Agile.Software.Testing.LeanTesting.MainClass_ESTest" time="0.011"/>
  <testcase name="test1" classname="Agile.Software.Testing.LeanTesting.MainClass_ESTest" time="0.004"/>
  <testcase name="test2" classname="Agile.Software.Testing.LeanTesting.MainClass_ESTest" time="0.007"/>
  <testcase name="test3" classname="Agile.Software.Testing.LeanTesting.MainClass_ESTest" time="0.004"/>
</testsuite>