<?xml version="1.0" encoding="UTF-8"?>
<testsuite name="Agile.Software.Testing.LeanTesting.Multiply_ESTest" time="0.01" tests="4" errors="0" skipped="0" failures="0">
  <properties>
[...]
</properties>
  <testcase name="test3" classname="Agile.Software.Testing.LeanTesting.Multiply_ESTest" time="0.003"/>
  <testcase name="test2" classname="Agile.Software.Testing.LeanTesting.Multiply_ESTest" time="0.002"/>
  <testcase name="test1" classname="Agile.Software.Testing.LeanTesting.Multiply_ESTest" time="0.002"/>
  <testcase name="test0" classname="Agile.Software.Testing.LeanTesting.Multiply_ESTest" time="0.003"/>
</testsuite>