<?xml version="1.0" encoding="UTF-8"?>
<testsuite xmlns:xsi="http://www.w3.org/2001/XMLSchema-instance" xsi:noNamespaceSchemaLocation="https://maven.apache.org/surefire/maven-surefire-plugin/xsd/surefire-test-report.xsd" name="Agile.Software.Testing.LeanTesting.Add_ESTest" time="2.535" tests="4" errors="0" skipped="0" failures="0">
  <properties>
[...]
</properties>
  <testcase name="test3" classname="Agile.Software.Testing.LeanTesting.Add_ESTest" time="0.057"/>
  <testcase name="test2" classname="Agile.Software.Testing.LeanTesting.Add_ESTest" time="0.003"/>
  <testcase name="test1" classname="Agile.Software.Testing.LeanTesting.Add_ESTest" time="0.005"/>
  <testcase name="test0" classname="Agile.Software.Testing.LeanTesting.Add_ESTest" time="0.007"/>
</testsuite>